

Processing ApplicationController#index (for 192.168.0.197 at 2010-04-21 23:04:51) [GET]

ActionController::RoutingError (No route matches "/javascripts/effects.js" with {:method=>:get}):
  

Rendering rescues/layout (not_found)


Processing ApplicationController#index (for 192.168.0.197 at 2010-04-21 23:04:51) [GET]

ActionController::RoutingError (No route matches "/javascripts/prototype.js" with {:method=>:get}):
  

Rendering rescues/layout (not_found)


Processing ApplicationController#index (for 192.168.0.197 at 2010-04-21 23:05:32) [GET]

LoadError (Expected /home/bear454/projects/lfnw/imedialauncher/app/controllers/medias_controller.rb to define MediasController):
  

Rendered rescues/_trace (29.5ms)
Rendered rescues/_request_and_response (1.3ms)
Rendering rescues/layout (internal_server_error)


Processing MediasController#index (for 192.168.0.197 at 2010-04-21 23:05:53) [GET]
Rendering template within layouts/application
Rendering medias/index
Completed in 12ms (View: 10, DB: 0) | 200 OK [http://192.168.0.194/]


Processing ApplicationController#index (for 192.168.0.197 at 2010-04-21 23:05:55) [GET]

ActionController::RoutingError (No route matches "/themes/jqt/img/bg_row_select.gif" with {:method=>:get}):
  

Rendering rescues/layout (not_found)


Processing ApplicationController#index (for 192.168.0.197 at 2010-04-21 23:05:55) [GET]

ActionController::RoutingError (No route matches "/themes/jqt/img/chevron_white.png" with {:method=>:get}):
  

Rendering rescues/layout (not_found)


Processing MediasController#index (for 192.168.0.197 at 2010-04-21 23:24:37) [GET]
Rendering template within layouts/application
Rendering medias/index
Completed in 12ms (View: 10, DB: 0) | 200 OK [http://192.168.0.194/]


Processing MediasController#index (for 127.0.0.1 at 2010-04-21 23:26:10) [GET]
Rendering template within layouts/application
Rendering medias/index
Completed in 2ms (View: 1, DB: 0) | 200 OK [http://localhost/]


Processing MediasController#index (for 127.0.0.1 at 2010-04-21 23:28:24) [GET]
Rendering template within layouts/application
Rendering medias/index
ERROR: compiling _run_erb_app47views47medias47index46html46erb RAISED compile error
/home/bear454/projects/lfnw/imedialauncher/app/views/medias/index.html.erb:3: syntax error, unexpected '}', expecting ')'
...</li>" if e.match(/^[A-Z]/i) }.compact.sort.to_s ).to_s)
                              ^
Function body:           def _run_erb_app47views47medias47index46html46erb(local_assigns)
            old_output_buffer = output_buffer;;@output_buffer = '';  __in_erb_template=true ; @output_buffer.concat "<ul class=\"rounded\" >\n"
;  @folder.each {|e| ; @output_buffer.concat "\n  "
; @output_buffer.concat(("<li>#{e}</li>" if e.match(/^[A-Z]/i) }.compact.sort.to_s ).to_s)
 } ; @output_buffer.concat "\n</ul>\n"

; @output_buffer
          ensure
            self.output_buffer = old_output_buffer
          end
Backtrace: /home/bear454/projects/lfnw/imedialauncher/app/views/medias/index.html.erb:9:in `compile!'
/usr/lib/ruby/gems/1.8/gems/actionpack-2.3.5/lib/action_view/renderable.rb:61:in `compile'
/usr/lib/ruby/gems/1.8/gems/actionpack-2.3.5/lib/action_view/renderable.rb:28:in `render'
/usr/lib/ruby/gems/1.8/gems/actionpack-2.3.5/lib/action_view/template.rb:205:in `render_template'
/usr/lib/ruby/gems/1.8/gems/actionpack-2.3.5/lib/action_view/base.rb:265:in `render'
/usr/lib/ruby/gems/1.8/gems/actionpack-2.3.5/lib/action_view/base.rb:348:in `_render_with_layout'
/usr/lib/ruby/gems/1.8/gems/actionpack-2.3.5/lib/action_view/base.rb:262:in `render'
/usr/lib/ruby/gems/1.8/gems/actionpack-2.3.5/lib/action_controller/base.rb:1250:in `render_for_file'
/usr/lib/ruby/gems/1.8/gems/actionpack-2.3.5/lib/action_controller/base.rb:945:in `render_without_benchmark'
/usr/lib/ruby/gems/1.8/gems/actionpack-2.3.5/lib/action_controller/benchmarking.rb:51:in `render'
/usr/lib/ruby/gems/1.8/gems/activesupport-2.3.5/lib/active_support/core_ext/benchmark.rb:17:in `ms'
/usr/lib/ruby/1.8/benchmark.rb:308:in `realtime'
/usr/lib/ruby/gems/1.8/gems/activesupport-2.3.5/lib/active_support/core_ext/benchmark.rb:17:in `ms'
/usr/lib/ruby/gems/1.8/gems/actionpack-2.3.5/lib/action_controller/benchmarking.rb:51:in `render'
/usr/lib/ruby/gems/1.8/gems/actionpack-2.3.5/lib/action_controller/base.rb:1326:in `default_render'
/usr/lib/ruby/gems/1.8/gems/actionpack-2.3.5/lib/action_controller/base.rb:1332:in `perform_action_without_filters'
/usr/lib/ruby/gems/1.8/gems/actionpack-2.3.5/lib/action_controller/filters.rb:617:in `call_filters'
/usr/lib/ruby/gems/1.8/gems/actionpack-2.3.5/lib/action_controller/filters.rb:610:in `perform_action_without_benchmark'
/usr/lib/ruby/gems/1.8/gems/actionpack-2.3.5/lib/action_controller/benchmarking.rb:68:in `perform_action_without_rescue'
/usr/lib/ruby/gems/1.8/gems/activesupport-2.3.5/lib/active_support/core_ext/benchmark.rb:17:in `ms'
/usr/lib/ruby/1.8/benchmark.rb:308:in `realtime'
/usr/lib/ruby/gems/1.8/gems/activesupport-2.3.5/lib/active_support/core_ext/benchmark.rb:17:in `ms'
/usr/lib/ruby/gems/1.8/gems/actionpack-2.3.5/lib/action_controller/benchmarking.rb:68:in `perform_action_without_rescue'
/usr/lib/ruby/gems/1.8/gems/actionpack-2.3.5/lib/action_controller/rescue.rb:160:in `perform_action_without_flash'
/usr/lib/ruby/gems/1.8/gems/actionpack-2.3.5/lib/action_controller/flash.rb:146:in `perform_action'
/usr/lib/ruby/gems/1.8/gems/actionpack-2.3.5/lib/action_controller/base.rb:532:in `send'
/usr/lib/ruby/gems/1.8/gems/actionpack-2.3.5/lib/action_controller/base.rb:532:in `process_without_filters'
/usr/lib/ruby/gems/1.8/gems/actionpack-2.3.5/lib/action_controller/filters.rb:606:in `process'
/usr/lib/ruby/gems/1.8/gems/actionpack-2.3.5/lib/action_controller/base.rb:391:in `process'
/usr/lib/ruby/gems/1.8/gems/actionpack-2.3.5/lib/action_controller/base.rb:386:in `call'
/usr/lib/ruby/gems/1.8/gems/actionpack-2.3.5/lib/action_controller/routing/route_set.rb:437:in `call'
/usr/lib/ruby/gems/1.8/gems/actionpack-2.3.5/lib/action_controller/dispatcher.rb:87:in `dispatch'
/usr/lib/ruby/gems/1.8/gems/actionpack-2.3.5/lib/action_controller/dispatcher.rb:121:in `_call'
/usr/lib/ruby/gems/1.8/gems/actionpack-2.3.5/lib/action_controller/dispatcher.rb:130:in `build_middleware_stack'
/usr/lib/ruby/gems/1.8/gems/activerecord-2.3.5/lib/active_record/query_cache.rb:29:in `call'
/usr/lib/ruby/gems/1.8/gems/activerecord-2.3.5/lib/active_record/query_cache.rb:29:in `call'
/usr/lib/ruby/gems/1.8/gems/activerecord-2.3.5/lib/active_record/connection_adapters/abstract/query_cache.rb:34:in `cache'
/usr/lib/ruby/gems/1.8/gems/activerecord-2.3.5/lib/active_record/query_cache.rb:9:in `cache'
/usr/lib/ruby/gems/1.8/gems/activerecord-2.3.5/lib/active_record/query_cache.rb:28:in `call'
/usr/lib/ruby/gems/1.8/gems/activerecord-2.3.5/lib/active_record/connection_adapters/abstract/connection_pool.rb:361:in `call'
/usr/lib/ruby/gems/1.8/gems/actionpack-2.3.5/lib/action_controller/string_coercion.rb:25:in `call'
/usr/lib/ruby/gems/1.8/gems/rack-1.0.1/lib/rack/head.rb:9:in `call'
/usr/lib/ruby/gems/1.8/gems/rack-1.0.1/lib/rack/methodoverride.rb:24:in `call'
/usr/lib/ruby/gems/1.8/gems/actionpack-2.3.5/lib/action_controller/params_parser.rb:15:in `call'
/usr/lib/ruby/gems/1.8/gems/actionpack-2.3.5/lib/action_controller/session/cookie_store.rb:93:in `call'
/usr/lib/ruby/gems/1.8/gems/actionpack-2.3.5/lib/action_controller/failsafe.rb:26:in `call'
/usr/lib/ruby/gems/1.8/gems/rack-1.0.1/lib/rack/lock.rb:11:in `call'
/usr/lib/ruby/gems/1.8/gems/rack-1.0.1/lib/rack/lock.rb:11:in `synchronize'
/usr/lib/ruby/gems/1.8/gems/rack-1.0.1/lib/rack/lock.rb:11:in `call'
/usr/lib/ruby/gems/1.8/gems/actionpack-2.3.5/lib/action_controller/dispatcher.rb:114:in `call'
/usr/lib/ruby/gems/1.8/gems/actionpack-2.3.5/lib/action_controller/reloader.rb:34:in `run'
/usr/lib/ruby/gems/1.8/gems/actionpack-2.3.5/lib/action_controller/dispatcher.rb:108:in `call'
/usr/lib/ruby/gems/1.8/gems/rails-2.3.5/lib/rails/rack/static.rb:31:in `call'
/usr/lib/ruby/gems/1.8/gems/rack-1.0.1/lib/rack/urlmap.rb:46:in `call'
/usr/lib/ruby/gems/1.8/gems/rack-1.0.1/lib/rack/urlmap.rb:40:in `each'
/usr/lib/ruby/gems/1.8/gems/rack-1.0.1/lib/rack/urlmap.rb:40:in `call'
/usr/lib/ruby/gems/1.8/gems/rails-2.3.5/lib/rails/rack/log_tailer.rb:17:in `call'
/usr/lib/ruby/gems/1.8/gems/rack-1.0.1/lib/rack/content_length.rb:13:in `call'
/usr/lib/ruby/gems/1.8/gems/rack-1.0.1/lib/rack/chunked.rb:15:in `call'
/usr/lib/ruby/gems/1.8/gems/rack-1.0.1/lib/rack/handler/mongrel.rb:64:in `process'
/usr/lib/ruby/gems/1.8/gems/mongrel-1.1.5/lib/mongrel.rb:159:in `process_client'
/usr/lib/ruby/gems/1.8/gems/mongrel-1.1.5/lib/mongrel.rb:158:in `each'
/usr/lib/ruby/gems/1.8/gems/mongrel-1.1.5/lib/mongrel.rb:158:in `process_client'
/usr/lib/ruby/gems/1.8/gems/mongrel-1.1.5/lib/mongrel.rb:285:in `run'
/usr/lib/ruby/gems/1.8/gems/mongrel-1.1.5/lib/mongrel.rb:285:in `initialize'
/usr/lib/ruby/gems/1.8/gems/mongrel-1.1.5/lib/mongrel.rb:285:in `new'
/usr/lib/ruby/gems/1.8/gems/mongrel-1.1.5/lib/mongrel.rb:285:in `run'
/usr/lib/ruby/gems/1.8/gems/mongrel-1.1.5/lib/mongrel.rb:268:in `initialize'
/usr/lib/ruby/gems/1.8/gems/mongrel-1.1.5/lib/mongrel.rb:268:in `new'
/usr/lib/ruby/gems/1.8/gems/mongrel-1.1.5/lib/mongrel.rb:268:in `run'
/usr/lib/ruby/gems/1.8/gems/rack-1.0.1/lib/rack/handler/mongrel.rb:34:in `run'
/usr/lib/ruby/gems/1.8/gems/rails-2.3.5/lib/commands/server.rb:111
/usr/lib/ruby/vendor_ruby/1.8/rubygems/custom_require.rb:31:in `gem_original_require'
/usr/lib/ruby/vendor_ruby/1.8/rubygems/custom_require.rb:31:in `require'
script/server:3

ActionView::TemplateError (compile error
/home/bear454/projects/lfnw/imedialauncher/app/views/medias/index.html.erb:3: syntax error, unexpected '}', expecting ')'
...</li>" if e.match(/^[A-Z]/i) }.compact.sort.to_s ).to_s)
                              ^) on line #3 of app/views/medias/index.html.erb:
1: <ul class="rounded" >
2: <% @folder.each {|e| %>
3:   <%="<li>#{e}</li>" if e.match(/^[A-Z]/i) }.compact.sort.to_s -%>
4: <% } %>
5: </ul>

    app/views/medias/index.html.erb:9:in `compile!'

Rendered rescues/_trace (49.0ms)
Rendered rescues/_request_and_response (1.3ms)
Rendering rescues/layout (internal_server_error)


Processing MediasController#index (for 127.0.0.1 at 2010-04-21 23:29:00) [GET]
Rendering template within layouts/application
Rendering medias/index
Completed in 72ms (View: 70, DB: 0) | 200 OK [http://localhost/]


Processing MediasController#index (for 127.0.0.1 at 2010-04-21 23:34:21) [GET]
Rendering template within layouts/application
Rendering medias/index
Completed in 10ms (View: 9, DB: 0) | 200 OK [http://localhost/]


Processing MediasController#index (for 127.0.0.1 at 2010-04-21 23:34:46) [GET]
Rendering template within layouts/application
Rendering medias/index
Completed in 6ms (View: 4, DB: 0) | 200 OK [http://localhost/]


Processing MediasController#index (for 192.168.0.197 at 2010-04-21 23:34:57) [GET]
Rendering template within layouts/application
Rendering medias/index
Completed in 2ms (View: 1, DB: 0) | 200 OK [http://192.168.0.194/]


Processing MediasController#index (for 192.168.0.197 at 2010-04-21 23:36:05) [GET]
Rendering template within layouts/application
Rendering medias/index
Completed in 6ms (View: 4, DB: 0) | 200 OK [http://192.168.0.194/]


Processing MediasController#index (for 192.168.0.197 at 2010-04-21 23:36:36) [GET]
Rendering template within layouts/application
Rendering medias/index
Completed in 5ms (View: 4, DB: 0) | 200 OK [http://192.168.0.194/]


Processing MediasController#index (for 192.168.0.197 at 2010-04-21 23:38:54) [GET]
Rendering template within layouts/application
Rendering medias/index
Completed in 9ms (View: 8, DB: 0) | 200 OK [http://192.168.0.194/]


Processing MediasController#index (for 127.0.0.1 at 2010-04-21 23:39:29) [GET]
Rendering template within layouts/application
Rendering medias/index
Completed in 2ms (View: 1, DB: 0) | 200 OK [http://localhost/]


Processing MediasController#index (for 127.0.0.1 at 2010-04-21 23:40:03) [GET]
Rendering template within layouts/application
Rendering medias/index
Completed in 10ms (View: 9, DB: 0) | 200 OK [http://localhost/]


Processing MediasController#index (for 127.0.0.1 at 2010-04-21 23:40:33) [GET]
Rendering template within layouts/application
Rendering medias/index
Completed in 6ms (View: 5, DB: 0) | 200 OK [http://localhost/]


Processing MediasController#index (for 127.0.0.1 at 2010-04-21 23:40:45) [GET]
Rendering template within layouts/application
Rendering medias/index
Completed in 6ms (View: 4, DB: 0) | 200 OK [http://localhost/]


Processing MediasController#index (for 127.0.0.1 at 2010-04-21 23:41:08) [GET]
Rendering template within layouts/application
Rendering medias/index
Completed in 7ms (View: 5, DB: 0) | 200 OK [http://localhost/]


Processing MediasController#index (for 192.168.0.197 at 2010-04-21 23:50:53) [GET]
Rendering template within layouts/application
Rendering medias/index
Completed in 6ms (View: 4, DB: 0) | 200 OK [http://192.168.0.194/]


Processing MediasController#dive (for 192.168.0.197 at 2010-04-21 23:50:58) [GET]
  Parameters: {"folder"=>["e"]}

ActionView::MissingTemplate (Missing template medias/dive.erb in view path app/views):
  

Rendering rescues/layout (internal_server_error)


Processing MediasController#dive (for 192.168.0.197 at 2010-04-21 23:51:01) [GET]
  Parameters: {"folder"=>["e"]}

ActionView::MissingTemplate (Missing template medias/dive.erb in view path app/views):
  

Rendering rescues/layout (internal_server_error)


Processing MediasController#dive (for 192.168.0.197 at 2010-04-21 23:51:02) [GET]
  Parameters: {"folder"=>["e"]}

ActionView::MissingTemplate (Missing template medias/dive.erb in view path app/views):
  

Rendering rescues/layout (internal_server_error)


Processing MediasController#index (for 127.0.0.1 at 2010-04-21 23:51:12) [GET]
Rendering template within layouts/application
Rendering medias/index
Completed in 3ms (View: 1, DB: 0) | 200 OK [http://localhost/]


Processing MediasController#dive (for 127.0.0.1 at 2010-04-21 23:51:15) [GET]
  Parameters: {"folder"=>["e"]}

ActionView::MissingTemplate (Missing template medias/dive.erb in view path app/views):
  

Rendering rescues/layout (internal_server_error)


Processing MediasController#dive (for 127.0.0.1 at 2010-04-21 23:51:18) [GET]
  Parameters: {"folder"=>["e"]}

ActionView::MissingTemplate (Missing template medias/dive.erb in view path app/views):
  

Rendering rescues/layout (internal_server_error)


Processing MediasController#dive (for 127.0.0.1 at 2010-04-21 23:51:19) [GET]
  Parameters: {"folder"=>["e"]}

ActionView::MissingTemplate (Missing template medias/dive.erb in view path app/views):
  

Rendering rescues/layout (internal_server_error)


Processing MediasController#dive (for 127.0.0.1 at 2010-04-21 23:51:20) [GET]
  Parameters: {"folder"=>["e"]}

ActionView::MissingTemplate (Missing template medias/dive.erb in view path app/views):
  

Rendering rescues/layout (internal_server_error)


Processing MediasController#index (for 192.168.0.197 at 2010-04-21 23:52:15) [GET]
Rendering template within layouts/application
Rendering medias/index
Completed in 2ms (View: 1, DB: 0) | 200 OK [http://192.168.0.194/]


Processing MediasController#dive (for 192.168.0.197 at 2010-04-21 23:52:19) [GET]
  Parameters: {"folder"=>["e"]}

TypeError (can't convert Array into String):
  app/controllers/medias_controller.rb:10:in `dive'

Rendered rescues/_trace (36.6ms)
Rendered rescues/_request_and_response (0.3ms)
Rendering rescues/layout (internal_server_error)


Processing MediasController#dive (for 192.168.0.197 at 2010-04-21 23:52:51) [GET]
  Parameters: {"folder"=>["e"]}

Errno::ENOENT (No such file or directory - /home/bear454/Music/e):
  app/controllers/medias_controller.rb:10:in `open'
  app/controllers/medias_controller.rb:10:in `dive'

Rendered rescues/_trace (33.0ms)
Rendered rescues/_request_and_response (0.3ms)
Rendering rescues/layout (internal_server_error)


Processing MediasController#index (for 192.168.0.197 at 2010-04-21 23:53:25) [GET]
Rendering template within layouts/application
Rendering medias/index
Completed in 122ms (View: 121, DB: 0) | 200 OK [http://192.168.0.194/]


Processing MediasController#index (for 192.168.0.197 at 2010-04-21 23:53:30) [GET]
Rendering template within layouts/application
Rendering medias/index
Completed in 3ms (View: 1, DB: 0) | 200 OK [http://192.168.0.194/]


Processing MediasController#index (for 192.168.0.197 at 2010-04-21 23:53:34) [GET]
Rendering template within layouts/application
Rendering medias/index
Completed in 3ms (View: 1, DB: 0) | 200 OK [http://192.168.0.194/]


Processing MediasController#index (for 192.168.0.197 at 2010-04-21 23:53:37) [GET]
Rendering template within layouts/application
Rendering medias/index
Completed in 3ms (View: 1, DB: 0) | 200 OK [http://192.168.0.194/]


Processing MediasController#index (for 192.168.0.197 at 2010-04-21 23:53:39) [GET]
Rendering template within layouts/application
Rendering medias/index
Completed in 3ms (View: 1, DB: 0) | 200 OK [http://192.168.0.194/]


Processing MediasController#index (for 192.168.0.197 at 2010-04-21 23:54:13) [GET]
Rendering template within layouts/application
Rendering medias/index
Completed in 6ms (View: 5, DB: 0) | 200 OK [http://192.168.0.194/]


Processing MediasController#dive (for 192.168.0.197 at 2010-04-21 23:54:15) [GET]
  Parameters: {"folder"=>["Coldplay"]}
Rendering template within layouts/application
Rendering medias/index
Completed in 3ms (View: 1, DB: 0) | 200 OK [http://192.168.0.194/Coldplay]


Processing MediasController#dive (for 192.168.0.197 at 2010-04-21 23:54:17) [GET]
  Parameters: {"folder"=>["LeftRightLeftRightLeft"]}

Errno::ENOENT (No such file or directory - /home/bear454/Music/LeftRightLeftRightLeft):
  app/controllers/medias_controller.rb:10:in `open'
  app/controllers/medias_controller.rb:10:in `dive'

Rendered rescues/_trace (32.1ms)
Rendered rescues/_request_and_response (0.3ms)
Rendering rescues/layout (internal_server_error)


Processing MediasController#dive (for 192.168.0.197 at 2010-04-21 23:54:19) [GET]
  Parameters: {"folder"=>["LeftRightLeftRightLeft"]}

Errno::ENOENT (No such file or directory - /home/bear454/Music/LeftRightLeftRightLeft):
  app/controllers/medias_controller.rb:10:in `open'
  app/controllers/medias_controller.rb:10:in `dive'

Rendered rescues/_trace (94.9ms)
Rendered rescues/_request_and_response (0.3ms)
Rendering rescues/layout (internal_server_error)


Processing MediasController#dive (for 127.0.0.1 at 2010-04-21 23:54:25) [GET]
  Parameters: {"folder"=>["e"]}

Errno::ENOENT (No such file or directory - /home/bear454/Music/e):
  app/controllers/medias_controller.rb:10:in `open'
  app/controllers/medias_controller.rb:10:in `dive'

Rendered rescues/_trace (34.6ms)
Rendered rescues/_request_and_response (0.3ms)
Rendering rescues/layout (internal_server_error)


Processing MediasController#dive (for 127.0.0.1 at 2010-04-21 23:54:27) [GET]
  Parameters: {"folder"=>["e"]}

Errno::ENOENT (No such file or directory - /home/bear454/Music/e):
  app/controllers/medias_controller.rb:10:in `open'
  app/controllers/medias_controller.rb:10:in `dive'

Rendered rescues/_trace (31.6ms)
Rendered rescues/_request_and_response (0.3ms)
Rendering rescues/layout (internal_server_error)


Processing MediasController#index (for 127.0.0.1 at 2010-04-21 23:54:30) [GET]
Rendering template within layouts/application
Rendering medias/index
Completed in 2ms (View: 1, DB: 0) | 200 OK [http://localhost/]


Processing MediasController#dive (for 127.0.0.1 at 2010-04-21 23:54:33) [GET]
  Parameters: {"folder"=>["Coldplay"]}
Rendering template within layouts/application
Rendering medias/index
Completed in 3ms (View: 1, DB: 0) | 200 OK [http://localhost/Coldplay]


Processing MediasController#dive (for 127.0.0.1 at 2010-04-21 23:54:34) [GET]
  Parameters: {"folder"=>["LeftRightLeftRightLeft"]}

Errno::ENOENT (No such file or directory - /home/bear454/Music/LeftRightLeftRightLeft):
  app/controllers/medias_controller.rb:10:in `open'
  app/controllers/medias_controller.rb:10:in `dive'

Rendered rescues/_trace (49.0ms)
Rendered rescues/_request_and_response (0.3ms)
Rendering rescues/layout (internal_server_error)


Processing MediasController#index (for 127.0.0.1 at 2010-04-21 23:54:42) [GET]
Rendering template within layouts/application
Rendering medias/index
Completed in 3ms (View: 1, DB: 0) | 200 OK [http://localhost/]


Processing MediasController#index (for 192.168.0.197 at 2010-04-22 00:05:44) [GET]
Rendering template within layouts/application
Rendering medias/index
Completed in 2ms (View: 1, DB: 0) | 200 OK [http://192.168.0.194/]


Processing MediasController#dive (for 192.168.0.197 at 2010-04-22 00:05:53) [GET]
  Parameters: {"folder"=>["Coldplay"]}
Rendering template within layouts/application
Rendering medias/index
Completed in 2ms (View: 1, DB: 0) | 200 OK [http://192.168.0.194/Coldplay]


Processing MediasController#dive (for 192.168.0.197 at 2010-04-22 00:06:00) [GET]
  Parameters: {"folder"=>["Jack Johnson"]}
Rendering template within layouts/application
Rendering medias/index
Completed in 2ms (View: 1, DB: 0) | 200 OK [http://192.168.0.194/Jack%20Johnson]


Processing MediasController#dive (for 192.168.0.197 at 2010-04-22 00:06:05) [GET]
  Parameters: {"folder"=>["Dido"]}
Rendering template within layouts/application
Rendering medias/index
Completed in 2ms (View: 1, DB: 0) | 200 OK [http://192.168.0.194/Dido]


Processing MediasController#index (for 192.168.0.197 at 2010-04-22 00:06:40) [GET]
Rendering template within layouts/application
Rendering medias/index
Completed in 2ms (View: 1, DB: 0) | 200 OK [http://192.168.0.194/]


Processing MediasController#dive (for 192.168.0.197 at 2010-04-22 00:06:44) [GET]
  Parameters: {"folder"=>["Jack Johnson"]}
Rendering template within layouts/application
Rendering medias/index
Completed in 2ms (View: 1, DB: 0) | 200 OK [http://192.168.0.194/Jack%20Johnson]


Processing MediasController#index (for 192.168.0.197 at 2010-04-22 00:10:39) [GET]
Rendering template within layouts/application
Rendering medias/index
Completed in 4ms (View: 3, DB: 0) | 200 OK [http://192.168.0.194/]


Processing MediasController#dive (for 192.168.0.197 at 2010-04-22 00:10:55) [GET]
  Parameters: {"folder"=>["Jack Johnson"]}
Rendering template within layouts/application
Rendering medias/dive
Completed in 6ms (View: 4, DB: 0) | 200 OK [http://192.168.0.194/Jack%20Johnson]


Processing MediasController#dive (for 192.168.0.197 at 2010-04-22 00:10:58) [GET]
  Parameters: {"folder"=>["Jack Johnson", "On and On (2003)"]}
Rendering template within layouts/application
Rendering medias/dive
Completed in 4ms (View: 3, DB: 0) | 200 OK [http://192.168.0.194/Jack%20Johnson/On%20and%20On%20(2003)]


Processing MediasController#index (for 192.168.0.197 at 2010-04-22 00:11:34) [GET]
Rendering template within layouts/application
Rendering medias/index
Completed in 6ms (View: 5, DB: 0) | 200 OK [http://192.168.0.194/]


Processing MediasController#dive (for 192.168.0.197 at 2010-04-22 00:11:39) [GET]
  Parameters: {"folder"=>["Jack Johnson"]}
Rendering template within layouts/application
Rendering medias/dive
Completed in 10ms (View: 6, DB: 0) | 200 OK [http://192.168.0.194/Jack%20Johnson]


Processing MediasController#dive (for 192.168.0.197 at 2010-04-22 00:11:41) [GET]
  Parameters: {"folder"=>["Jack Johnson", "On and On (2003)"]}
Rendering template within layouts/application
Rendering medias/dive
Completed in 4ms (View: 3, DB: 0) | 200 OK [http://192.168.0.194/Jack%20Johnson/On%20and%20On%20(2003)]


Processing MediasController#index (for 192.168.0.197 at 2010-04-22 00:18:03) [GET]
Rendering template within layouts/application
Rendering medias/index
Completed in 6ms (View: 5, DB: 0) | 200 OK [http://192.168.0.194/]


Processing MediasController#dive (for 192.168.0.197 at 2010-04-22 00:18:07) [GET]
  Parameters: {"folder"=>["Coldplay"]}
Rendering template within layouts/application
Rendering medias/dive
Completed in 2ms (View: 1, DB: 0) | 200 OK [http://192.168.0.194/Coldplay]


Processing MediasController#dive (for 192.168.0.197 at 2010-04-22 00:18:09) [GET]
  Parameters: {"folder"=>["Coldplay", "LeftRightLeftRightLeft"]}
Rendering template within layouts/application
Rendering medias/dive
Completed in 54ms (View: 52, DB: 0) | 200 OK [http://192.168.0.194/Coldplay/LeftRightLeftRightLeft]


Processing MediasController#dive (for 192.168.0.197 at 2010-04-22 00:18:18) [GET]
  Parameters: {"folder"=>["Dido"]}
Rendering template within layouts/application
Rendering medias/dive
Completed in 2ms (View: 1, DB: 0) | 200 OK [http://192.168.0.194/Dido]


Processing MediasController#dive (for 192.168.0.197 at 2010-04-22 00:18:19) [GET]
  Parameters: {"folder"=>["Dido", "No Angel (1999)"]}
Rendering template within layouts/application
Rendering medias/dive
Completed in 59ms (View: 57, DB: 0) | 200 OK [http://192.168.0.194/Dido/No%20Angel%20(1999)]


Processing MediasController#index (for 192.168.0.197 at 2010-04-22 00:18:51) [GET]
Rendering template within layouts/application
Rendering medias/index
Completed in 6ms (View: 4, DB: 0) | 200 OK [http://192.168.0.194/]


Processing MediasController#dive (for 192.168.0.197 at 2010-04-22 00:18:58) [GET]
  Parameters: {"folder"=>["Jack Johnson"]}
Rendering template within layouts/application
Rendering medias/dive
Completed in 6ms (View: 4, DB: 0) | 200 OK [http://192.168.0.194/Jack%20Johnson]


Processing MediasController#dive (for 192.168.0.197 at 2010-04-22 00:19:00) [GET]
  Parameters: {"folder"=>["Jack Johnson", "On and On (2003)"]}
Rendering template within layouts/application
Rendering medias/dive
Completed in 6ms (View: 5, DB: 0) | 200 OK [http://192.168.0.194/Jack%20Johnson/On%20and%20On%20(2003)]


Processing MediasController#dive (for 192.168.0.197 at 2010-04-22 00:19:08) [GET]
  Parameters: {"folder"=>["Jack Johnson", "On and On (2003)", "01. Jack Johnson - Times Like These.ogg"]}

Errno::ENOTDIR (Not a directory - /home/bear454/Music/Jack Johnson/On and On (2003)/01. Jack Johnson - Times Like These.ogg):
  app/controllers/medias_controller.rb:16:in `open'
  app/controllers/medias_controller.rb:16:in `dive'

Rendered rescues/_trace (34.4ms)
Rendered rescues/_request_and_response (0.3ms)
Rendering rescues/layout (internal_server_error)


Processing MediasController#dive (for 192.168.0.197 at 2010-04-22 00:19:17) [GET]
  Parameters: {"folder"=>["Dido"]}
Rendering template within layouts/application
Rendering medias/dive
Completed in 2ms (View: 1, DB: 0) | 200 OK [http://192.168.0.194/Dido]


Processing MediasController#index (for 192.168.0.197 at 2010-04-22 00:19:26) [GET]
Rendering template within layouts/application
Rendering medias/index
Completed in 3ms (View: 1, DB: 0) | 200 OK [http://192.168.0.194/]


Processing MediasController#dive (for 192.168.0.197 at 2010-04-22 00:19:30) [GET]
  Parameters: {"folder"=>["Coldplay"]}
Rendering template within layouts/application
Rendering medias/dive
Completed in 3ms (View: 1, DB: 0) | 200 OK [http://192.168.0.194/Coldplay]


Processing MediasController#dive (for 192.168.0.197 at 2010-04-22 00:19:33) [GET]
  Parameters: {"folder"=>["Dido"]}
Rendering template within layouts/application
Rendering medias/dive
Completed in 2ms (View: 1, DB: 0) | 200 OK [http://192.168.0.194/Dido]


Processing MediasController#dive (for 192.168.0.197 at 2010-04-22 00:19:35) [GET]
  Parameters: {"folder"=>["Dido", "No Angel (1999)"]}
Rendering template within layouts/application
Rendering medias/dive
Completed in 4ms (View: 3, DB: 0) | 200 OK [http://192.168.0.194/Dido/No%20Angel%20(1999)]


Processing MediasController#dive (for 192.168.0.197 at 2010-04-22 00:19:40) [GET]
  Parameters: {"folder"=>["Jack Johnson"]}
Rendering template within layouts/application
Rendering medias/dive
Completed in 2ms (View: 1, DB: 0) | 200 OK [http://192.168.0.194/Jack%20Johnson]


Processing MediasController#dive (for 192.168.0.197 at 2010-04-22 00:19:43) [GET]
  Parameters: {"folder"=>["iTunes"]}
Rendering template within layouts/application
Rendering medias/dive
Completed in 3ms (View: 2, DB: 0) | 200 OK [http://192.168.0.194/iTunes]


Processing MediasController#index (for 192.168.0.197 at 2010-04-22 00:25:46) [GET]
Rendering template within layouts/application
Rendering medias/index
ERROR: compiling _run_erb_app47views47medias47index46html46erb RAISED compile error
/home/bear454/projects/lfnw/imedialauncher/app/views/medias/index.html.erb:4: syntax error, unexpected kCLASS, expecting kDO or '{' or '('
...|mp4|m4a|m4v|mkv)$/i)<li class="forward"><%=e ; @output_buff...
                              ^
/home/bear454/projects/lfnw/imedialauncher/app/views/medias/index.html.erb:4: syntax error, unexpected '<'
...|mkv)$/i)<li class="forward"><%=e ; @output_buffer.concat "<...
                              ^
/home/bear454/projects/lfnw/imedialauncher/app/views/medias/index.html.erb:9: syntax error, unexpected tIDENTIFIER, expecting '}'
Function body:           def _run_erb_app47views47medias47index46html46erb(local_assigns)
            old_output_buffer = output_buffer;;@output_buffer = '';  __in_erb_template=true ; @output_buffer.concat "<ul class=\"rounded\" >\n"
;  @folder.sort.each {|e| 
@output_buffer.concat "  ";  if e.match(/^[A-Z0-9].*^\..{3}/i) ; @output_buffer.concat "<li class=\"arrow\">"; @output_buffer.concat((link_to e, e ).to_s); @output_buffer.concat "</li>";  end ; @output_buffer.concat "\n  "
;  if e.match(/\.(ogg|oga|ogv|mp3|mp4|m4a|m4v|mkv)$/i)<li class="forward"><%=e ; @output_buffer.concat "</li>";  end ; @output_buffer.concat "\n"
;  } ; @output_buffer.concat "\n</ul>\n"

; @output_buffer
          ensure
            self.output_buffer = old_output_buffer
          end
Backtrace: /home/bear454/projects/lfnw/imedialauncher/app/views/medias/index.html.erb:10:in `compile!'
/usr/lib/ruby/gems/1.8/gems/actionpack-2.3.5/lib/action_view/renderable.rb:61:in `compile'
/usr/lib/ruby/gems/1.8/gems/actionpack-2.3.5/lib/action_view/renderable.rb:28:in `render'
/usr/lib/ruby/gems/1.8/gems/actionpack-2.3.5/lib/action_view/template.rb:205:in `render_template'
/usr/lib/ruby/gems/1.8/gems/actionpack-2.3.5/lib/action_view/base.rb:265:in `render'
/usr/lib/ruby/gems/1.8/gems/actionpack-2.3.5/lib/action_view/base.rb:348:in `_render_with_layout'
/usr/lib/ruby/gems/1.8/gems/actionpack-2.3.5/lib/action_view/base.rb:262:in `render'
/usr/lib/ruby/gems/1.8/gems/actionpack-2.3.5/lib/action_controller/base.rb:1250:in `render_for_file'
/usr/lib/ruby/gems/1.8/gems/actionpack-2.3.5/lib/action_controller/base.rb:945:in `render_without_benchmark'
/usr/lib/ruby/gems/1.8/gems/actionpack-2.3.5/lib/action_controller/benchmarking.rb:51:in `render'
/usr/lib/ruby/gems/1.8/gems/activesupport-2.3.5/lib/active_support/core_ext/benchmark.rb:17:in `ms'
/usr/lib/ruby/1.8/benchmark.rb:308:in `realtime'
/usr/lib/ruby/gems/1.8/gems/activesupport-2.3.5/lib/active_support/core_ext/benchmark.rb:17:in `ms'
/usr/lib/ruby/gems/1.8/gems/actionpack-2.3.5/lib/action_controller/benchmarking.rb:51:in `render'
/usr/lib/ruby/gems/1.8/gems/actionpack-2.3.5/lib/action_controller/base.rb:1326:in `default_render'
/usr/lib/ruby/gems/1.8/gems/actionpack-2.3.5/lib/action_controller/base.rb:1332:in `perform_action_without_filters'
/usr/lib/ruby/gems/1.8/gems/actionpack-2.3.5/lib/action_controller/filters.rb:617:in `call_filters'
/usr/lib/ruby/gems/1.8/gems/actionpack-2.3.5/lib/action_controller/filters.rb:610:in `perform_action_without_benchmark'
/usr/lib/ruby/gems/1.8/gems/actionpack-2.3.5/lib/action_controller/benchmarking.rb:68:in `perform_action_without_rescue'
/usr/lib/ruby/gems/1.8/gems/activesupport-2.3.5/lib/active_support/core_ext/benchmark.rb:17:in `ms'
/usr/lib/ruby/1.8/benchmark.rb:308:in `realtime'
/usr/lib/ruby/gems/1.8/gems/activesupport-2.3.5/lib/active_support/core_ext/benchmark.rb:17:in `ms'
/usr/lib/ruby/gems/1.8/gems/actionpack-2.3.5/lib/action_controller/benchmarking.rb:68:in `perform_action_without_rescue'
/usr/lib/ruby/gems/1.8/gems/actionpack-2.3.5/lib/action_controller/rescue.rb:160:in `perform_action_without_flash'
/usr/lib/ruby/gems/1.8/gems/actionpack-2.3.5/lib/action_controller/flash.rb:146:in `perform_action'
/usr/lib/ruby/gems/1.8/gems/actionpack-2.3.5/lib/action_controller/base.rb:532:in `send'
/usr/lib/ruby/gems/1.8/gems/actionpack-2.3.5/lib/action_controller/base.rb:532:in `process_without_filters'
/usr/lib/ruby/gems/1.8/gems/actionpack-2.3.5/lib/action_controller/filters.rb:606:in `process'
/usr/lib/ruby/gems/1.8/gems/actionpack-2.3.5/lib/action_controller/base.rb:391:in `process'
/usr/lib/ruby/gems/1.8/gems/actionpack-2.3.5/lib/action_controller/base.rb:386:in `call'
/usr/lib/ruby/gems/1.8/gems/actionpack-2.3.5/lib/action_controller/routing/route_set.rb:437:in `call'
/usr/lib/ruby/gems/1.8/gems/actionpack-2.3.5/lib/action_controller/dispatcher.rb:87:in `dispatch'
/usr/lib/ruby/gems/1.8/gems/actionpack-2.3.5/lib/action_controller/dispatcher.rb:121:in `_call'
/usr/lib/ruby/gems/1.8/gems/actionpack-2.3.5/lib/action_controller/dispatcher.rb:130:in `build_middleware_stack'
/usr/lib/ruby/gems/1.8/gems/activerecord-2.3.5/lib/active_record/query_cache.rb:29:in `call'
/usr/lib/ruby/gems/1.8/gems/activerecord-2.3.5/lib/active_record/query_cache.rb:29:in `call'
/usr/lib/ruby/gems/1.8/gems/activerecord-2.3.5/lib/active_record/connection_adapters/abstract/query_cache.rb:34:in `cache'
/usr/lib/ruby/gems/1.8/gems/activerecord-2.3.5/lib/active_record/query_cache.rb:9:in `cache'
/usr/lib/ruby/gems/1.8/gems/activerecord-2.3.5/lib/active_record/query_cache.rb:28:in `call'
/usr/lib/ruby/gems/1.8/gems/activerecord-2.3.5/lib/active_record/connection_adapters/abstract/connection_pool.rb:361:in `call'
/usr/lib/ruby/gems/1.8/gems/actionpack-2.3.5/lib/action_controller/string_coercion.rb:25:in `call'
/usr/lib/ruby/gems/1.8/gems/rack-1.0.1/lib/rack/head.rb:9:in `call'
/usr/lib/ruby/gems/1.8/gems/rack-1.0.1/lib/rack/methodoverride.rb:24:in `call'
/usr/lib/ruby/gems/1.8/gems/actionpack-2.3.5/lib/action_controller/params_parser.rb:15:in `call'
/usr/lib/ruby/gems/1.8/gems/actionpack-2.3.5/lib/action_controller/session/cookie_store.rb:93:in `call'
/usr/lib/ruby/gems/1.8/gems/actionpack-2.3.5/lib/action_controller/failsafe.rb:26:in `call'
/usr/lib/ruby/gems/1.8/gems/rack-1.0.1/lib/rack/lock.rb:11:in `call'
/usr/lib/ruby/gems/1.8/gems/rack-1.0.1/lib/rack/lock.rb:11:in `synchronize'
/usr/lib/ruby/gems/1.8/gems/rack-1.0.1/lib/rack/lock.rb:11:in `call'
/usr/lib/ruby/gems/1.8/gems/actionpack-2.3.5/lib/action_controller/dispatcher.rb:114:in `call'
/usr/lib/ruby/gems/1.8/gems/actionpack-2.3.5/lib/action_controller/reloader.rb:34:in `run'
/usr/lib/ruby/gems/1.8/gems/actionpack-2.3.5/lib/action_controller/dispatcher.rb:108:in `call'
/usr/lib/ruby/gems/1.8/gems/rails-2.3.5/lib/rails/rack/static.rb:31:in `call'
/usr/lib/ruby/gems/1.8/gems/rack-1.0.1/lib/rack/urlmap.rb:46:in `call'
/usr/lib/ruby/gems/1.8/gems/rack-1.0.1/lib/rack/urlmap.rb:40:in `each'
/usr/lib/ruby/gems/1.8/gems/rack-1.0.1/lib/rack/urlmap.rb:40:in `call'
/usr/lib/ruby/gems/1.8/gems/rails-2.3.5/lib/rails/rack/log_tailer.rb:17:in `call'
/usr/lib/ruby/gems/1.8/gems/rack-1.0.1/lib/rack/content_length.rb:13:in `call'
/usr/lib/ruby/gems/1.8/gems/rack-1.0.1/lib/rack/chunked.rb:15:in `call'
/usr/lib/ruby/gems/1.8/gems/rack-1.0.1/lib/rack/handler/mongrel.rb:64:in `process'
/usr/lib/ruby/gems/1.8/gems/mongrel-1.1.5/lib/mongrel.rb:159:in `process_client'
/usr/lib/ruby/gems/1.8/gems/mongrel-1.1.5/lib/mongrel.rb:158:in `each'
/usr/lib/ruby/gems/1.8/gems/mongrel-1.1.5/lib/mongrel.rb:158:in `process_client'
/usr/lib/ruby/gems/1.8/gems/mongrel-1.1.5/lib/mongrel.rb:285:in `run'
/usr/lib/ruby/gems/1.8/gems/mongrel-1.1.5/lib/mongrel.rb:285:in `initialize'
/usr/lib/ruby/gems/1.8/gems/mongrel-1.1.5/lib/mongrel.rb:285:in `new'
/usr/lib/ruby/gems/1.8/gems/mongrel-1.1.5/lib/mongrel.rb:285:in `run'
/usr/lib/ruby/gems/1.8/gems/mongrel-1.1.5/lib/mongrel.rb:268:in `initialize'
/usr/lib/ruby/gems/1.8/gems/mongrel-1.1.5/lib/mongrel.rb:268:in `new'
/usr/lib/ruby/gems/1.8/gems/mongrel-1.1.5/lib/mongrel.rb:268:in `run'
/usr/lib/ruby/gems/1.8/gems/rack-1.0.1/lib/rack/handler/mongrel.rb:34:in `run'
/usr/lib/ruby/gems/1.8/gems/rails-2.3.5/lib/commands/server.rb:111
/usr/lib/ruby/vendor_ruby/1.8/rubygems/custom_require.rb:31:in `gem_original_require'
/usr/lib/ruby/vendor_ruby/1.8/rubygems/custom_require.rb:31:in `require'
script/server:3

ActionView::TemplateError (compile error
/home/bear454/projects/lfnw/imedialauncher/app/views/medias/index.html.erb:4: syntax error, unexpected kCLASS, expecting kDO or '{' or '('
...|mp4|m4a|m4v|mkv)$/i)<li class="forward"><%=e ; @output_buff...
                              ^
/home/bear454/projects/lfnw/imedialauncher/app/views/medias/index.html.erb:4: syntax error, unexpected '<'
...|mkv)$/i)<li class="forward"><%=e ; @output_buffer.concat "<...
                              ^
/home/bear454/projects/lfnw/imedialauncher/app/views/medias/index.html.erb:9: syntax error, unexpected tIDENTIFIER, expecting '}') on line #4 of app/views/medias/index.html.erb:
1: <ul class="rounded" >
2: <% @folder.sort.each {|e| -%>
3:   <% if e.match(/^[A-Z0-9].*^\..{3}/i) -%><li class="arrow"><%=link_to e, e -%></li><% end %>
4:   <% if e.match(/\.(ogg|oga|ogv|mp3|mp4|m4a|m4v|mkv)$/i)<li class="forward"><%=e -%></li><% end %>
5: <% } %>
6: </ul>

    app/views/medias/index.html.erb:10:in `compile!'

Rendered rescues/_trace (96.1ms)
Rendered rescues/_request_and_response (0.3ms)
Rendering rescues/layout (internal_server_error)


Processing MediasController#index (for 192.168.0.197 at 2010-04-22 00:27:27) [GET]
Rendering template within layouts/application
Rendering medias/index
Completed in 6ms (View: 5, DB: 0) | 200 OK [http://192.168.0.194/]


Processing MediasController#index (for 192.168.0.197 at 2010-04-22 00:27:54) [GET]
Rendering template within layouts/application
Rendering medias/index
Completed in 7ms (View: 6, DB: 0) | 200 OK [http://192.168.0.194/]


Processing MediasController#index (for 127.0.0.1 at 2010-04-22 10:23:39) [GET]
Rendering template within layouts/application
Rendering medias/index
Completed in 55ms (View: 50, DB: 0) | 200 OK [http://localhost/]


Processing MediasController#dive (for 127.0.0.1 at 2010-04-22 10:23:46) [GET]
  Parameters: {"folder"=>["03 - Joy To The World.mp3"]}

Errno::ENOTDIR (Not a directory - /home/bear454/Music/03 - Joy To The World.mp3):
  app/controllers/medias_controller.rb:16:in `open'
  app/controllers/medias_controller.rb:16:in `dive'

Rendered rescues/_trace (40.4ms)
Rendered rescues/_request_and_response (1.4ms)
Rendering rescues/layout (internal_server_error)


Processing ApplicationController#index (for 127.0.0.1 at 2010-04-22 10:43:10) [GET]

NoMethodError (undefined method `MEDIA' for MediasController:Class):
  app/controllers/medias_controller.rb:2

Rendered rescues/_trace (34.2ms)
Rendered rescues/_request_and_response (1.3ms)
Rendering rescues/layout (internal_server_error)


Processing MediasController#index (for 127.0.0.1 at 2010-04-22 10:43:20) [GET]
Rendering template within layouts/application
Rendering medias/index
Completed in 12ms (View: 11, DB: 0) | 200 OK [http://localhost/]


Processing MediasController#index (for 127.0.0.1 at 2010-04-22 10:43:41) [GET]
Rendering template within layouts/application
Rendering medias/index
Completed in 75ms (View: 17, DB: 0) | 200 OK [http://localhost/]


Processing ApplicationController#index (for 127.0.0.1 at 2010-04-22 10:44:15) [GET]

SyntaxError (/home/bear454/projects/lfnw/imedialauncher/app/controllers/medias_controller.rb:7: syntax error, unexpected '}', expecting ')'
...R}/#{e}") && e.match(/^\w+$/ }.compact.sort
                              ^
/home/bear454/projects/lfnw/imedialauncher/app/controllers/medias_controller.rb:9: syntax error, unexpected kEND, expecting '}'
/home/bear454/projects/lfnw/imedialauncher/app/controllers/medias_controller.rb:22: syntax error, unexpected kEND, expecting '}'):
  

Rendered rescues/_trace (110.6ms)
Rendered rescues/_request_and_response (0.3ms)
Rendering rescues/layout (internal_server_error)


Processing MediasController#index (for 127.0.0.1 at 2010-04-22 10:44:29) [GET]
Rendering template within layouts/application
Rendering medias/index
Completed in 3ms (View: 1, DB: 0) | 200 OK [http://localhost/]


Processing MediasController#index (for 127.0.0.1 at 2010-04-22 10:44:50) [GET]
Rendering template within layouts/application
Rendering medias/index
Completed in 3ms (View: 1, DB: 0) | 200 OK [http://localhost/]


Processing MediasController#index (for 127.0.0.1 at 2010-04-22 10:45:27) [GET]
Rendering template within layouts/application
Rendering medias/index
Completed in 3ms (View: 1, DB: 0) | 200 OK [http://localhost/]


Processing MediasController#index (for 127.0.0.1 at 2010-04-22 10:45:47) [GET]
Rendering template within layouts/application
Rendering medias/index
Completed in 3ms (View: 1, DB: 0) | 200 OK [http://localhost/]


Processing MediasController#dive (for 127.0.0.1 at 2010-04-22 10:45:49) [GET]
  Parameters: {"folder"=>["Coldplay"]}
Rendering template within layouts/application
Rendering medias/dive
Completed in 56ms (View: 55, DB: 0) | 200 OK [http://localhost/Coldplay]


Processing MediasController#index (for 127.0.0.1 at 2010-04-22 10:47:48) [GET]
Rendering template within layouts/application
Rendering medias/index
Completed in 2ms (View: 1, DB: 0) | 200 OK [http://localhost/]


Processing MediasController#index (for 127.0.0.1 at 2010-04-22 10:47:49) [GET]
Rendering template within layouts/application
Rendering medias/index
Completed in 3ms (View: 1, DB: 0) | 200 OK [http://localhost/]


Processing MediasController#dive (for 127.0.0.1 at 2010-04-22 10:47:53) [GET]
  Parameters: {"folder"=>["Coldplay"]}

Errno::ENOENT (No such file or directory - Coldplay):
  app/controllers/medias_controller.rb:20:in `open'
  app/controllers/medias_controller.rb:20:in `dive'

Rendered rescues/_trace (90.4ms)
Rendered rescues/_request_and_response (0.3ms)
Rendering rescues/layout (internal_server_error)


Processing ApplicationController#index (for 127.0.0.1 at 2010-04-22 10:51:00) [GET]

SyntaxError (/home/bear454/projects/lfnw/imedialauncher/app/controllers/medias_controller.rb:22: syntax error, unexpected tIVAR, expecting ')'
    @files = base_folder.collect{|e| e i...
          ^):
  

Rendered rescues/_trace (31.8ms)
Rendered rescues/_request_and_response (0.3ms)
Rendering rescues/layout (internal_server_error)


Processing MediasController#index (for 127.0.0.1 at 2010-04-22 10:51:09) [GET]
Rendering template within layouts/application
Rendering medias/index
Completed in 2ms (View: 1, DB: 0) | 200 OK [http://localhost/]


Processing MediasController#dive (for 127.0.0.1 at 2010-04-22 10:51:11) [GET]
  Parameters: {"folder"=>["Coldplay"]}
Rendering template within layouts/application
Rendering medias/dive
Completed in 6ms (View: 4, DB: 0) | 200 OK [http://localhost/Coldplay]


Processing MediasController#index (for 127.0.0.1 at 2010-04-22 10:52:38) [GET]
Rendering template within layouts/application
Rendering medias/index
Completed in 23ms (View: 21, DB: 0) | 200 OK [http://localhost/]


Processing MediasController#dive (for 127.0.0.1 at 2010-04-22 10:52:40) [GET]
  Parameters: {"folder"=>["Coldplay"]}
Rendering template within layouts/application
Rendering medias/dive
Completed in 6ms (View: 5, DB: 0) | 200 OK [http://localhost/Coldplay]


Processing MediasController#dive (for 127.0.0.1 at 2010-04-22 10:52:41) [GET]
  Parameters: {"folder"=>["Coldplay", "LeftRightLeftRightLeft"]}
Rendering template within layouts/application
Rendering medias/dive
Completed in 61ms (View: 2, DB: 0) | 200 OK [http://localhost/Coldplay/LeftRightLeftRightLeft]


Processing MediasController#index (for 127.0.0.1 at 2010-04-22 10:54:49) [GET]
Rendering template within layouts/application
Rendering medias/index
Completed in 22ms (View: 21, DB: 0) | 200 OK [http://localhost/]


Processing MediasController#dive (for 127.0.0.1 at 2010-04-22 10:54:58) [GET]
  Parameters: {"folder"=>["Coldplay"]}
Rendering template within layouts/application
Rendering medias/dive
Completed in 6ms (View: 5, DB: 0) | 200 OK [http://localhost/Coldplay]


Processing MediasController#dive (for 127.0.0.1 at 2010-04-22 10:54:59) [GET]
  Parameters: {"folder"=>["Coldplay", "LeftRightLeftRightLeft"]}
Rendering template within layouts/application
Rendering medias/dive
Completed in 2ms (View: 1, DB: 0) | 200 OK [http://localhost/Coldplay/LeftRightLeftRightLeft]


Processing MediasController#index (for 127.0.0.1 at 2010-04-22 10:55:10) [GET]
Rendering template within layouts/application
Rendering medias/index
Completed in 3ms (View: 1, DB: 0) | 200 OK [http://localhost/]


Processing MediasController#dive (for 127.0.0.1 at 2010-04-22 10:55:12) [GET]
  Parameters: {"folder"=>["Coldplay"]}
Rendering template within layouts/application
Rendering medias/dive
Completed in 2ms (View: 1, DB: 0) | 200 OK [http://localhost/Coldplay]


Processing MediasController#dive (for 127.0.0.1 at 2010-04-22 10:55:12) [GET]
  Parameters: {"folder"=>["Coldplay", "LeftRightLeftRightLeft"]}
Rendering template within layouts/application
Rendering medias/dive
Completed in 2ms (View: 1, DB: 0) | 200 OK [http://localhost/Coldplay/LeftRightLeftRightLeft]


Processing MediasController#dive (for 127.0.0.1 at 2010-04-22 10:55:15) [GET]
  Parameters: {"folder"=>["Dido"]}
Rendering template within layouts/application
Rendering medias/dive
Completed in 51ms (View: 3, DB: 0) | 200 OK [http://localhost/Dido]


Processing MediasController#dive (for 127.0.0.1 at 2010-04-22 10:55:16) [GET]
  Parameters: {"folder"=>["Dido", "No Angel (1999)"]}
Rendering template within layouts/application
Rendering medias/dive
Completed in 46ms (View: 2, DB: 0) | 200 OK [http://localhost/Dido/No%20Angel%20(1999)]


Processing MediasController#dive (for 127.0.0.1 at 2010-04-22 10:55:18) [GET]
  Parameters: {"folder"=>["Jack Johnson"]}
Rendering template within layouts/application
Rendering medias/dive
Completed in 58ms (View: 3, DB: 0) | 200 OK [http://localhost/Jack%20Johnson]


Processing MediasController#dive (for 127.0.0.1 at 2010-04-22 10:55:19) [GET]
  Parameters: {"folder"=>["Jack Johnson", "On and On (2003)"]}
Rendering template within layouts/application
Rendering medias/dive
Completed in 3ms (View: 1, DB: 0) | 200 OK [http://localhost/Jack%20Johnson/On%20and%20On%20(2003)]


Processing MediasController#dive (for 127.0.0.1 at 2010-04-22 10:55:24) [GET]
  Parameters: {"folder"=>["iTunes"]}
Rendering template within layouts/application
Rendering medias/dive
Completed in 55ms (View: 2, DB: 0) | 200 OK [http://localhost/iTunes]


Processing MediasController#dive (for 127.0.0.1 at 2010-04-22 10:55:25) [GET]
  Parameters: {"folder"=>["iTunes", "iTunes Media"]}
Rendering template within layouts/application
Rendering medias/dive
Completed in 63ms (View: 3, DB: 0) | 200 OK [http://localhost/iTunes/iTunes%20Media]


Processing MediasController#dive (for 127.0.0.1 at 2010-04-22 10:55:25) [GET]
  Parameters: {"folder"=>["iTunes", "iTunes Media", "Automatically Add to iTunes"]}
Rendering template within layouts/application
Rendering medias/dive
Completed in 3ms (View: 1, DB: 0) | 200 OK [http://localhost/iTunes/iTunes%20Media/Automatically%20Add%20to%20iTunes]


Processing MediasController#index (for 127.0.0.1 at 2010-04-22 10:55:32) [GET]
Rendering template within layouts/application
Rendering medias/index
Completed in 3ms (View: 1, DB: 0) | 200 OK [http://localhost/]


Processing MediasController#dive (for 127.0.0.1 at 2010-04-22 10:55:34) [GET]
  Parameters: {"folder"=>["iTunes"]}
Rendering template within layouts/application
Rendering medias/dive
Completed in 3ms (View: 1, DB: 0) | 200 OK [http://localhost/iTunes]


Processing MediasController#dive (for 127.0.0.1 at 2010-04-22 10:55:35) [GET]
  Parameters: {"folder"=>["iTunes", "iTunes Media"]}
Rendering template within layouts/application
Rendering medias/dive
Completed in 3ms (View: 1, DB: 0) | 200 OK [http://localhost/iTunes/iTunes%20Media]


Processing MediasController#dive (for 127.0.0.1 at 2010-04-22 10:55:36) [GET]
  Parameters: {"folder"=>["iTunes", "iTunes Media", "Automatically Add to iTunes"]}
Rendering template within layouts/application
Rendering medias/dive
Completed in 2ms (View: 1, DB: 0) | 200 OK [http://localhost/iTunes/iTunes%20Media/Automatically%20Add%20to%20iTunes]


Processing MediasController#index (for 127.0.0.1 at 2010-04-22 11:05:47) [GET]
Rendering template within layouts/application
Rendering medias/index
Completed in 6ms (View: 4, DB: 0) | 200 OK [http://localhost/]


Processing MediasController#index (for 127.0.0.1 at 2010-04-22 11:06:15) [GET]
Rendering template within layouts/application
Rendering medias/index
Completed in 7ms (View: 5, DB: 0) | 200 OK [http://localhost/]


Processing MediasController#play (for 127.0.0.1 at 2010-04-22 11:06:21) [GET]
  Parameters: {"file"=>["03 - Joy To The World.mp3"]}

NoMethodError (undefined method `last' for :file:Symbol):
  app/controllers/medias_controller.rb:26:in `play'

Rendered rescues/_trace (85.9ms)
Rendered rescues/_request_and_response (1.4ms)
Rendering rescues/layout (internal_server_error)


Processing MediasController#index (for 127.0.0.1 at 2010-04-22 11:06:49) [GET]
Rendering template within layouts/application
Rendering medias/index
Completed in 3ms (View: 1, DB: 0) | 200 OK [http://localhost/]


Processing MediasController#play (for 127.0.0.1 at 2010-04-22 11:06:51) [GET]
  Parameters: {"file"=>["03 - Joy To The World.mp3"]}

NameError (undefined local variable or method `subpath' for #<MediasController:0xb68e045c>):
  app/controllers/medias_controller.rb:35:in `play'

Rendered rescues/_trace (35.2ms)
Rendered rescues/_request_and_response (0.3ms)
Rendering rescues/layout (internal_server_error)


Processing MediasController#index (for 127.0.0.1 at 2010-04-22 11:12:47) [GET]
Rendering template within layouts/application
Rendering medias/index
Completed in 3ms (View: 1, DB: 0) | 200 OK [http://localhost/]


Processing MediasController#play (for 127.0.0.1 at 2010-04-22 11:12:49) [GET]
  Parameters: {"file"=>["03 - Joy To The World.mp3"]}
Rendering template within layouts/application
Rendering medias/play
Completed in 3267ms (View: 5, DB: 0) | 200 OK [http://localhost/play/03%20-%20Joy%20To%20The%20World.mp3]


Processing MediasController#index (for 127.0.0.1 at 2010-04-22 11:13:18) [GET]
Rendering template within layouts/application
Rendering medias/index
Completed in 4ms (View: 1, DB: 0) | 200 OK [http://localhost/]


Processing MediasController#play (for 127.0.0.1 at 2010-04-22 11:13:21) [GET]
  Parameters: {"file"=>["03 - Joy To The World.mp3"]}
Rendering template within layouts/application
Rendering medias/play
Completed in 38579ms (View: 1, DB: 0) | 200 OK [http://localhost/play/03%20-%20Joy%20To%20The%20World.mp3]


Processing MediasController#dive (for 127.0.0.1 at 2010-04-22 11:13:59) [GET]
  Parameters: {"folder"=>["Coldplay"]}
Rendering template within layouts/application
Rendering medias/dive
Completed in 6ms (View: 5, DB: 0) | 200 OK [http://localhost/Coldplay]


Processing MediasController#index (for 127.0.0.1 at 2010-04-22 11:22:42) [GET]
Rendering template within layouts/application
Rendering medias/index
Completed in 23ms (View: 21, DB: 0) | 200 OK [http://localhost/]


Processing MediasController#play (for 127.0.0.1 at 2010-04-22 11:22:45) [GET]
  Parameters: {"file"=>["03 - Joy To The World.mp3"]}
Rendering template within layouts/application
Rendering medias/play
Completed in 10ms (View: 7, DB: 0) | 200 OK [http://localhost/play/03%20-%20Joy%20To%20The%20World.mp3]


Processing MediasController#dive (for 127.0.0.1 at 2010-04-22 11:22:53) [GET]
  Parameters: {"folder"=>["Coldplay"]}
Rendering template within layouts/application
Rendering medias/dive
Completed in 6ms (View: 5, DB: 0) | 200 OK [http://localhost/Coldplay]


Processing MediasController#dive (for 127.0.0.1 at 2010-04-22 11:22:53) [GET]
  Parameters: {"folder"=>["Coldplay", "LeftRightLeftRightLeft"]}
Rendering template within layouts/application
Rendering medias/dive

ActionView::TemplateError (undefined method `e' for #<ActionView::Base:0xb69263bc>) on line #6 of app/views/medias/dive.html.erb:
3:   <li class="arrow"><%=link_to e, @subpath + '/' + e -%></li>
4: <% } -%>
5: <% @files.each {|e| -%>
6:   <li class="forward"><%=link_to e '/play/' + @subpath + '/' + e -%></li>
7: <% } %>
8: </ul>

    app/views/medias/dive.html.erb:6
    app/views/medias/dive.html.erb:5:in `each'
    app/views/medias/dive.html.erb:5

Rendered rescues/_trace (114.8ms)
Rendered rescues/_request_and_response (1.4ms)
Rendering rescues/layout (internal_server_error)


Processing MediasController#dive (for 127.0.0.1 at 2010-04-22 11:22:57) [GET]
  Parameters: {"folder"=>["Coldplay", "LeftRightLeftRightLeft"]}
Rendering template within layouts/application
Rendering medias/dive

ActionView::TemplateError (undefined method `e' for #<ActionView::Base:0xb6a69d8c>) on line #6 of app/views/medias/dive.html.erb:
3:   <li class="arrow"><%=link_to e, @subpath + '/' + e -%></li>
4: <% } -%>
5: <% @files.each {|e| -%>
6:   <li class="forward"><%=link_to e '/play/' + @subpath + '/' + e -%></li>
7: <% } %>
8: </ul>

    app/views/medias/dive.html.erb:6
    app/views/medias/dive.html.erb:5:in `each'
    app/views/medias/dive.html.erb:5

Rendered rescues/_trace (42.1ms)
Rendered rescues/_request_and_response (0.3ms)
Rendering rescues/layout (internal_server_error)


Processing MediasController#dive (for 127.0.0.1 at 2010-04-22 11:22:59) [GET]
  Parameters: {"folder"=>["Coldplay", "LeftRightLeftRightLeft"]}
Rendering template within layouts/application
Rendering medias/dive

ActionView::TemplateError (undefined method `e' for #<ActionView::Base:0xb6922cf8>) on line #6 of app/views/medias/dive.html.erb:
3:   <li class="arrow"><%=link_to e, @subpath + '/' + e -%></li>
4: <% } -%>
5: <% @files.each {|e| -%>
6:   <li class="forward"><%=link_to e '/play/' + @subpath + '/' + e -%></li>
7: <% } %>
8: </ul>

    app/views/medias/dive.html.erb:6
    app/views/medias/dive.html.erb:5:in `each'
    app/views/medias/dive.html.erb:5

Rendered rescues/_trace (112.6ms)
Rendered rescues/_request_and_response (0.3ms)
Rendering rescues/layout (internal_server_error)


Processing MediasController#index (for 127.0.0.1 at 2010-04-22 11:23:45) [GET]
Rendering template within layouts/application
Rendering medias/index
Completed in 4ms (View: 2, DB: 0) | 200 OK [http://localhost/]


Processing MediasController#dive (for 127.0.0.1 at 2010-04-22 11:23:48) [GET]
  Parameters: {"folder"=>["Coldplay"]}
Rendering template within layouts/application
Rendering medias/dive
Completed in 3ms (View: 1, DB: 0) | 200 OK [http://localhost/Coldplay]


Processing MediasController#dive (for 127.0.0.1 at 2010-04-22 11:23:50) [GET]
  Parameters: {"folder"=>["Coldplay", "LeftRightLeftRightLeft"]}
Rendering template within layouts/application
Rendering medias/dive

ActionView::TemplateError (undefined method `e' for #<ActionView::Base:0xb6a32044>) on line #6 of app/views/medias/dive.html.erb:
3:   <li class="arrow"><%=link_to e, @subpath + '/' + e -%></li>
4: <% } -%>
5: <% @files.each {|e| -%>
6:   <li class="forward"><%=link_to e '/play/' + @subpath + '/' + e -%></li>
7: <% } %>
8: </ul>

    app/views/medias/dive.html.erb:6
    app/views/medias/dive.html.erb:5:in `each'
    app/views/medias/dive.html.erb:5

Rendered rescues/_trace (43.6ms)
Rendered rescues/_request_and_response (0.3ms)
Rendering rescues/layout (internal_server_error)


Processing MediasController#dive (for 127.0.0.1 at 2010-04-22 11:24:21) [GET]
  Parameters: {"folder"=>["Coldplay", "LeftRightLeftRightLeft"]}
Rendering template within layouts/application
Rendering medias/dive
Completed in 8ms (View: 6, DB: 0) | 200 OK [http://localhost/Coldplay/LeftRightLeftRightLeft]


Processing MediasController#play (for 127.0.0.1 at 2010-04-22 11:24:24) [GET]
  Parameters: {"file"=>["Coldplay", "LeftRightLeftRightLeft", "01 Glass Of Water.mp3"]}
Rendering template within layouts/application
Rendering medias/play
Completed in 5ms (View: 1, DB: 0) | 200 OK [http://localhost/play/Coldplay/LeftRightLeftRightLeft/01%20Glass%20Of%20Water.mp3]


Processing MediasController#index (for 127.0.0.1 at 2010-04-22 11:26:28) [GET]
Rendering template within layouts/application
Rendering medias/index
Completed in 3ms (View: 1, DB: 0) | 200 OK [http://localhost/]


Processing MediasController#dive (for 127.0.0.1 at 2010-04-22 11:26:30) [GET]
  Parameters: {"folder"=>["Coldplay"]}
Rendering template within layouts/application
Rendering medias/dive
Completed in 3ms (View: 1, DB: 0) | 200 OK [http://localhost/Coldplay]


Processing MediasController#dive (for 127.0.0.1 at 2010-04-22 11:26:31) [GET]
  Parameters: {"folder"=>["Coldplay", "LeftRightLeftRightLeft"]}
Rendering template within layouts/application
Rendering medias/dive
Completed in 5ms (View: 3, DB: 0) | 200 OK [http://localhost/Coldplay/LeftRightLeftRightLeft]


Processing MediasController#play (for 127.0.0.1 at 2010-04-22 11:26:32) [GET]
  Parameters: {"file"=>["Coldplay", "LeftRightLeftRightLeft", "01 Glass Of Water.mp3"]}
Rendering template within layouts/application
Rendering medias/play
Completed in 12ms (View: 8, DB: 0) | 200 OK [http://localhost/play/Coldplay/LeftRightLeftRightLeft/01%20Glass%20Of%20Water.mp3]


Processing MediasController#play (for 127.0.0.1 at 2010-04-22 11:26:39) [GET]
  Parameters: {"file"=>["03 - Joy To The World.mp3"]}
Rendering template within layouts/application
Rendering medias/play
Completed in 5ms (View: 1, DB: 0) | 200 OK [http://localhost/play/03%20-%20Joy%20To%20The%20World.mp3]
